Fri 10 Mar 2023 05:53:59 PM UTC: 
 exercises.c | 0
 1 file changed, 0 insertions(+), 0 deletions(-)
 tests:  0|7
total_score: 0/70
b1c3d47
Fri 10 Mar 2023 06:06:35 PM UTC: 
 exercises.c | 6 +++++-
 1 file changed, 5 insertions(+), 1 deletion(-)
 tests:  1|6
total_score: 10/70
109dc78
Tue 14 Mar 2023 05:21:46 PM UTC: 
 exercises.c | 5 +++--
 1 file changed, 3 insertions(+), 2 deletions(-)
In file included from test.c:5:
exercises.c: In function ‘swap’:
exercises.c:24:1: error: "/*" within comment [-Werror=comment]
   24 | /*
      |  
test.c:251:5: error: ‘main’ is normally a non-static function [-Werror=main]
  251 | int main( int argc, char *argv[] ) {
      |     ^~~~
test.c:271:1: error: expected declaration or statement at end of input
  271 | }
      | ^
At top level:
test.c:251:5: error: ‘main’ defined but not used [-Werror=unused-function]
  251 | int main( int argc, char *argv[] ) {
      |     ^~~~
cc1: all warnings being treated as errors
Compilation failed
4c32490
Tue 14 Mar 2023 05:49:46 PM UTC: 
 exercises.c | 14 ++++++++++++++
 1 file changed, 14 insertions(+)
In file included from test.c:5:
exercises.c: In function ‘swap’:
exercises.c:24:1: error: "/*" within comment [-Werror=comment]
   24 | /*
      |  
test.c:251:5: error: ‘main’ is normally a non-static function [-Werror=main]
  251 | int main( int argc, char *argv[] ) {
      |     ^~~~
test.c:271:1: error: expected declaration or statement at end of input
  271 | }
      | ^
At top level:
test.c:251:5: error: ‘main’ defined but not used [-Werror=unused-function]
  251 | int main( int argc, char *argv[] ) {
      |     ^~~~
cc1: all warnings being treated as errors
Compilation failed
3610140
Tue 14 Mar 2023 05:51:18 PM UTC: 
 exercises.c | 4 +++-
 1 file changed, 3 insertions(+), 1 deletion(-)
In file included from test.c:5:
exercises.c: In function ‘swap’:
exercises.c:24:1: error: "/*" within comment [-Werror=comment]
   24 | /*
      |  
test.c:251:5: error: ‘main’ is normally a non-static function [-Werror=main]
  251 | int main( int argc, char *argv[] ) {
      |     ^~~~
test.c:271:1: error: expected declaration or statement at end of input
  271 | }
      | ^
At top level:
test.c:251:5: error: ‘main’ defined but not used [-Werror=unused-function]
  251 | int main( int argc, char *argv[] ) {
      |     ^~~~
cc1: all warnings being treated as errors
Compilation failed
5fac03a
Tue 14 Mar 2023 05:59:46 PM UTC: 
 exercises.c | 3 ---
 1 file changed, 3 deletions(-)
In file included from test.c:5:
exercises.c: In function ‘swap’:
exercises.c:24:1: error: "/*" within comment [-Werror=comment]
   24 | /*
      |  
test.c:251:5: error: ‘main’ is normally a non-static function [-Werror=main]
  251 | int main( int argc, char *argv[] ) {
      |     ^~~~
test.c:271:1: error: expected declaration or statement at end of input
  271 | }
      | ^
At top level:
test.c:251:5: error: ‘main’ defined but not used [-Werror=unused-function]
  251 | int main( int argc, char *argv[] ) {
      |     ^~~~
cc1: all warnings being treated as errors
Compilation failed
ea4ceb8
Tue 14 Mar 2023 06:00:17 PM UTC: 
 exercises.c | 2 +-
 1 file changed, 1 insertion(+), 1 deletion(-)
In file included from test.c:5:
exercises.c: In function ‘swap’:
exercises.c:24:1: error: "/*" within comment [-Werror=comment]
   24 | /*
      |  
test.c:251:5: error: ‘main’ is normally a non-static function [-Werror=main]
  251 | int main( int argc, char *argv[] ) {
      |     ^~~~
test.c:271:1: error: expected declaration or statement at end of input
  271 | }
      | ^
At top level:
test.c:251:5: error: ‘main’ defined but not used [-Werror=unused-function]
  251 | int main( int argc, char *argv[] ) {
      |     ^~~~
cc1: all warnings being treated as errors
Compilation failed
a082225
Tue 14 Mar 2023 06:01:24 PM UTC: 
 exercises.c | 2 +-
 1 file changed, 1 insertion(+), 1 deletion(-)
In file included from test.c:5:
exercises.c: In function ‘swap’:
exercises.c:24:1: error: "/*" within comment [-Werror=comment]
   24 | /*
      |  
test.c:251:5: error: ‘main’ is normally a non-static function [-Werror=main]
  251 | int main( int argc, char *argv[] ) {
      |     ^~~~
test.c:271:1: error: expected declaration or statement at end of input
  271 | }
      | ^
At top level:
test.c:251:5: error: ‘main’ defined but not used [-Werror=unused-function]
  251 | int main( int argc, char *argv[] ) {
      |     ^~~~
cc1: all warnings being treated as errors
Compilation failed
d692efe
Tue 14 Mar 2023 06:01:57 PM UTC: 
 exercises.c | 2 +-
 1 file changed, 1 insertion(+), 1 deletion(-)
In file included from test.c:5:
exercises.c: In function ‘swap’:
exercises.c:24:1: error: "/*" within comment [-Werror=comment]
   24 | /*
      |  
test.c:251:5: error: ‘main’ is normally a non-static function [-Werror=main]
  251 | int main( int argc, char *argv[] ) {
      |     ^~~~
test.c:271:1: error: expected declaration or statement at end of input
  271 | }
      | ^
At top level:
test.c:251:5: error: ‘main’ defined but not used [-Werror=unused-function]
  251 | int main( int argc, char *argv[] ) {
      |     ^~~~
cc1: all warnings being treated as errors
Compilation failed
0699311
Tue 14 Mar 2023 06:02:09 PM UTC: 
 exercises.c | 2 +-
 1 file changed, 1 insertion(+), 1 deletion(-)
In file included from test.c:5:
exercises.c: In function ‘swap’:
exercises.c:24:1: error: "/*" within comment [-Werror=comment]
   24 | /*
      |  
test.c:251:5: error: ‘main’ is normally a non-static function [-Werror=main]
  251 | int main( int argc, char *argv[] ) {
      |     ^~~~
test.c:271:1: error: expected declaration or statement at end of input
  271 | }
      | ^
At top level:
test.c:251:5: error: ‘main’ defined but not used [-Werror=unused-function]
  251 | int main( int argc, char *argv[] ) {
      |     ^~~~
cc1: all warnings being treated as errors
Compilation failed
93811f7
Tue 14 Mar 2023 06:02:36 PM UTC: 
 exercises.c | 2 +-
 1 file changed, 1 insertion(+), 1 deletion(-)
In file included from test.c:5:
exercises.c: In function ‘swap’:
exercises.c:24:1: error: "/*" within comment [-Werror=comment]
   24 | /*
      |  
test.c:251:5: error: ‘main’ is normally a non-static function [-Werror=main]
  251 | int main( int argc, char *argv[] ) {
      |     ^~~~
test.c:271:1: error: expected declaration or statement at end of input
  271 | }
      | ^
At top level:
test.c:251:5: error: ‘main’ defined but not used [-Werror=unused-function]
  251 | int main( int argc, char *argv[] ) {
      |     ^~~~
cc1: all warnings being treated as errors
Compilation failed
8d9fcda
Tue 14 Mar 2023 06:04:32 PM UTC: 
 exercises.c | 2 +-
 1 file changed, 1 insertion(+), 1 deletion(-)
In file included from test.c:5:
exercises.c: In function ‘swap’:
exercises.c:24:1: error: "/*" within comment [-Werror=comment]
   24 | /*
      |  
test.c:251:5: error: ‘main’ is normally a non-static function [-Werror=main]
  251 | int main( int argc, char *argv[] ) {
      |     ^~~~
test.c:271:1: error: expected declaration or statement at end of input
  271 | }
      | ^
At top level:
test.c:251:5: error: ‘main’ defined but not used [-Werror=unused-function]
  251 | int main( int argc, char *argv[] ) {
      |     ^~~~
cc1: all warnings being treated as errors
Compilation failed
b8ced89
Tue 14 Mar 2023 06:05:25 PM UTC: 
 exercises.c | 13 +++----------
 1 file changed, 3 insertions(+), 10 deletions(-)
In file included from test.c:5:
exercises.c: In function ‘swap’:
exercises.c:24:1: error: "/*" within comment [-Werror=comment]
   24 | /*
      |  
test.c:251:5: error: ‘main’ is normally a non-static function [-Werror=main]
  251 | int main( int argc, char *argv[] ) {
      |     ^~~~
test.c:271:1: error: expected declaration or statement at end of input
  271 | }
      | ^
At top level:
test.c:251:5: error: ‘main’ defined but not used [-Werror=unused-function]
  251 | int main( int argc, char *argv[] ) {
      |     ^~~~
cc1: all warnings being treated as errors
Compilation failed
0ad33a2
Tue 14 Mar 2023 06:06:25 PM UTC: 
 exercises.c | 4 ++--
 1 file changed, 2 insertions(+), 2 deletions(-)
In file included from test.c:5:
exercises.c: In function ‘swap’:
exercises.c:24:1: error: "/*" within comment [-Werror=comment]
   24 | /*
      |  
test.c:251:5: error: ‘main’ is normally a non-static function [-Werror=main]
  251 | int main( int argc, char *argv[] ) {
      |     ^~~~
test.c:271:1: error: expected declaration or statement at end of input
  271 | }
      | ^
At top level:
test.c:251:5: error: ‘main’ defined but not used [-Werror=unused-function]
  251 | int main( int argc, char *argv[] ) {
      |     ^~~~
cc1: all warnings being treated as errors
Compilation failed
f3d99b3
Tue 14 Mar 2023 06:17:03 PM UTC: 
 exercises.c | 16 +++++++++++++---
 1 file changed, 13 insertions(+), 3 deletions(-)
In file included from test.c:5:
exercises.c: In function ‘swap’:
exercises.c:24:1: error: "/*" within comment [-Werror=comment]
   24 | /*
      |  
test.c:251:5: error: ‘main’ is normally a non-static function [-Werror=main]
  251 | int main( int argc, char *argv[] ) {
      |     ^~~~
test.c:271:1: error: expected declaration or statement at end of input
  271 | }
      | ^
At top level:
test.c:251:5: error: ‘main’ defined but not used [-Werror=unused-function]
  251 | int main( int argc, char *argv[] ) {
      |     ^~~~
cc1: all warnings being treated as errors
Compilation failed
6ae6c3d
Tue 14 Mar 2023 06:19:50 PM UTC: 
 exercises.c | 1 -
 1 file changed, 1 deletion(-)
In file included from test.c:5:
exercises.c: In function ‘swap’:
exercises.c:24:1: error: "/*" within comment [-Werror=comment]
   24 | /*
      |  
test.c:251:5: error: ‘main’ is normally a non-static function [-Werror=main]
  251 | int main( int argc, char *argv[] ) {
      |     ^~~~
test.c:271:1: error: expected declaration or statement at end of input
  271 | }
      | ^
At top level:
test.c:251:5: error: ‘main’ defined but not used [-Werror=unused-function]
  251 | int main( int argc, char *argv[] ) {
      |     ^~~~
cc1: all warnings being treated as errors
Compilation failed
10b7437
Tue 14 Mar 2023 06:20:22 PM UTC: 
 exercises.c | 2 +-
 1 file changed, 1 insertion(+), 1 deletion(-)
 tests:  2|5
total_score: 20/70
39fe617
Tue 14 Mar 2023 06:20:35 PM UTC: 
 exercises.c | 1 +
 1 file changed, 1 insertion(+)
 tests:  3|4
total_score: 30/70
e3aab44
Wed 15 Mar 2023 06:24:31 PM UTC: 
 exercises.c | 13 +++++++++++--
 1 file changed, 11 insertions(+), 2 deletions(-)
 tests:  4|3
total_score: 40/70
4c28980
Wed 15 Mar 2023 06:25:50 PM UTC: 
 exercises.c | 2 +-
 1 file changed, 1 insertion(+), 1 deletion(-)
In file included from test.c:5:
exercises.c: In function ‘crearVector’:
exercises.c:91:30: error: too few arguments to function ‘calloc’
   91 |   vectorAux->datos = (int *) calloc(n * sizeof(int));
      |                              ^~~~~~
In file included from test.c:2:
/nix/store/iwd8ic5hhwdxn5dga0im55g5hjl270cd-glibc-2.33-47-dev/include/stdlib.h:542:14: note: declared here
  542 | extern void *calloc (size_t __nmemb, size_t __size)
      |              ^~~~~~
Compilation failed
06a79a9
Wed 15 Mar 2023 06:26:01 PM UTC: 
 exercises.c | 2 +-
 1 file changed, 1 insertion(+), 1 deletion(-)
 tests:  4|3
total_score: 40/70
29ca755
Wed 15 Mar 2023 06:31:55 PM UTC: 
 exercises.c | 5 +++--
 1 file changed, 3 insertions(+), 2 deletions(-)
 tests:  4|3
total_score: 40/70
156df7b
Thu 16 Mar 2023 12:41:01 AM UTC: 
 exercises.c | 3 +--
 1 file changed, 1 insertion(+), 2 deletions(-)
 tests:  6|2
total_score: 50/70
15dd243
Thu 16 Mar 2023 12:47:23 AM UTC: 
 exercises.c | 5 ++++-
 1 file changed, 4 insertions(+), 1 deletion(-)
 tests:  7|1
total_score: 60/70
179c3f6
